<?xml version="1.0" encoding="UTF-8"?>
<!-- Generated by org.testng.reporters.JUnitReportReporter -->
<testsuite skipped="2" hostname="TYSS-MF-046" name="scripts.Test_InvalidLogin" tests="2" failures="0" timestamp="06 Mar 2018 11:26:19 GMT" time="0.000" errors="0">
  <testcase name="testInvalidLogin" time="0.000" classname="scripts.Test_InvalidLogin">
    <skipped/>
  </testcase> <!-- testInvalidLogin -->
  <testcase name="testInvalidLogin" time="0.000" classname="scripts.Test_InvalidLogin">
    <skipped/>
  </testcase> <!-- testInvalidLogin -->
</testsuite> <!-- scripts.Test_InvalidLogin -->
