<?xml version="1.0" encoding="UTF-8"?>
<!-- Generated by org.testng.reporters.JUnitReportReporter -->
<testsuite skipped="2" hostname="TYSS-MF-046" name="scripts.Test_verifyVersion" tests="2" failures="0" timestamp="06 Mar 2018 11:26:19 GMT" time="0.000" errors="0">
  <testcase name="testVerifyVersion" time="0.000" classname="scripts.Test_verifyVersion">
    <skipped/>
  </testcase> <!-- testVerifyVersion -->
  <testcase name="testVerifyVersion" time="0.000" classname="scripts.Test_verifyVersion">
    <skipped/>
  </testcase> <!-- testVerifyVersion -->
</testsuite> <!-- scripts.Test_verifyVersion -->
