<?xml version="1.0" encoding="UTF-8"?>
<!-- Generated by org.testng.reporters.JUnitReportReporter -->
<testsuite skipped="0" hostname="TYSS-MF-046" name="programs.DemoA" tests="1" failures="0" timestamp="23 Feb 2018 11:34:30 GMT" time="0.011" errors="0">
  <testcase name="disp" time="0.011" classname="programs.DemoA"/>
</testsuite> <!-- programs.DemoA -->
